<?xml version="1.0" encoding="UTF-8" ?>
<testsuite errors="0" failures="0" hostname="01HW739201" name="HelloWorldTestCase" skipped="0" tests="1" time="0.07" timestamp="2017-05-01T10:52:01">
  <properties>
    <property name="java.vendor" value="Oracle Corporation" />
    <property name="sun.java.launcher" value="SUN_STANDARD" />
    <property name="sun.management.compiler" value="HotSpot Client Compiler" />
    <property name="ant.file.type.junit-example" value="file" />
    <property name="os.name" value="Windows 7" />
    <property name="sun.boot.class.path" value="D:\Kar\Tech\java\java1.8\jre\lib\resources.jar;D:\Kar\Tech\java\java1.8\jre\lib\rt.jar;D:\Kar\Tech\java\java1.8\jre\lib\sunrsasign.jar;D:\Kar\Tech\java\java1.8\jre\lib\jsse.jar;D:\Kar\Tech\java\java1.8\jre\lib\jce.jar;D:\Kar\Tech\java\java1.8\jre\lib\charsets.jar;D:\Kar\Tech\java\java1.8\jre\lib\jfr.jar;D:\Kar\Tech\java\java1.8\jre\classes" />
    <property name="sun.desktop" value="windows" />
    <property name="java.vm.specification.vendor" value="Oracle Corporation" />
    <property name="ant.home" value="D:\Kar\Tech\java\ant" />
    <property name="java.runtime.version" value="1.8.0_131-b11" />
    <property name="test.build.dir" value="build/test" />
    <property name="user.name" value="1209693" />
    <property name="user.language" value="en" />
    <property name="sun.boot.library.path" value="D:\Kar\Tech\java\java1.8\jre\bin" />
    <property name="ant.project.name" value="junit-example" />
    <property name="java.version" value="1.8.0_131" />
    <property name="user.timezone" value="" />
    <property name="sun.arch.data.model" value="32" />
    <property name="test.src.dir" value="src/test/java" />
    <property name="java.endorsed.dirs" value="D:\Kar\Tech\java\java1.8\jre\lib\endorsed" />
    <property name="sun.cpu.isalist" value="pentium_pro+mmx pentium_pro pentium+mmx pentium i486 i386 i86" />
    <property name="sun.jnu.encoding" value="Cp1252" />
    <property name="file.encoding.pkg" value="sun.io" />
    <property name="file.separator" value="\" />
    <property name="java.specification.name" value="Java Platform API Specification" />
    <property name="java.class.version" value="52.0" />
    <property name="user.country" value="US" />
    <property name="java.home" value="D:\Kar\Tech\java\java1.8\jre" />
    <property name="java.vm.info" value="mixed mode" />
    <property name="ant.file" value="D:\Kar\Tech\java\testHello\build.xml" />
    <property name="os.version" value="6.1" />
    <property name="path.separator" value=";" />
    <property name="java.vm.version" value="25.131-b11" />
    <property name="report.dir" value="report" />
    <property name="user.variant" value="" />
    <property name="ant.library.dir" value="D:\Kar\Tech\java\ant\lib" />
    <property name="java.awt.printerjob" value="sun.awt.windows.WPrinterJob" />
    <property name="sun.io.unicode.encoding" value="UnicodeLittle" />
    <property name="awt.toolkit" value="sun.awt.windows.WToolkit" />
    <property name="sun.stdout.encoding" value="cp437" />
    <property name="user.script" value="" />
    <property name="user.home" value="C:\Users\1209693" />
    <property name="java.specification.vendor" value="Oracle Corporation" />
    <property name="java.library.path" value="D:\Kar\Tech\java\java1.8\jre\bin;C:\windows\Sun\Java\bin;C:\windows\system32;C:\windows;C:\Program Files\RSA SecurID Token Common;C:\windows\system32;C:\windows;C:\windows\System32\Wbem;C:\windows\System32\WindowsPowerShell\v1.0\;C:\windows\System32\WindowsPowerShell\v1.0\;C:\Program Files\nodejs\;C:\Users\1209693\AppData\Local\Programs\Git\cmd;D:\Kar\Tech\java\java1.8\bin;D:\Kar\Tech\java\ant\bin;;." />
    <property name="java.vendor.url" value="http://java.oracle.com/" />
    <property name="java.vm.vendor" value="Oracle Corporation" />
    <property name="java.runtime.name" value="Java(TM) SE Runtime Environment" />
    <property name="sun.java.command" value="org.apache.tools.ant.taskdefs.optional.junit.JUnitTestRunner HelloWorldTestCase skipNonTests=false filtertrace=true haltOnError=false haltOnFailure=true formatter=org.apache.tools.ant.taskdefs.optional.junit.SummaryJUnitResultFormatter showoutput=false outputtoformatters=true logfailedtests=true threadid=0 logtestlistenerevents=false formatter=org.apache.tools.ant.taskdefs.optional.junit.BriefJUnitResultFormatter formatter=org.apache.tools.ant.taskdefs.optional.junit.XMLJUnitResultFormatter,D:\Kar\Tech\java\testHello\report\TEST-HelloWorldTestCase.xml crashfile=D:\Kar\Tech\java\testHello\junitvmwatcher5172992347589318929.properties propsfile=D:\Kar\Tech\java\testHello\junit6125136833493784855.properties" />
    <property name="java.class.path" value="D:\Kar\Tech\java\testHello\lib\junit.jar;D:\Kar\Tech\java\testHello\lib\hamcrest-core-1.3.jar;D:\Kar\Tech\java\testHello\build\main;D:\Kar\Tech\java\testHello\build\test;D:\Kar\Tech\java\java1.8\bin;D:\Kar\Tech\java\java1.8\lib\junit.jar;D:\Kar\Tech\java\ant\lib;D:\Kar\Tech\java\ant\lib\ant-launcher.jar;D:\Kar\Tech\java\ant\lib\ant.jar;D:\Kar\Tech\java\ant\lib\ant-junit.jar;D:\Kar\Tech\java\ant\lib\ant-junit4.jar" />
    <property name="ant.version" value="Apache Ant(TM) version 1.10.1 compiled on February 2 2017" />
    <property name="java.vm.specification.name" value="Java Virtual Machine Specification" />
    <property name="ant.file.type" value="file" />
    <property name="java.vm.specification.version" value="1.8" />
    <property name="sun.cpu.endian" value="little" />
    <property name="sun.os.patch.level" value="Service Pack 1" />
    <property name="java.io.tmpdir" value="C:\Users\1209693\AppData\Local\Temp\" />
    <property name="java.vendor.url.bug" value="http://bugreport.sun.com/bugreport/" />
    <property name="os.arch" value="x86" />
    <property name="java.awt.graphicsenv" value="sun.awt.Win32GraphicsEnvironment" />
    <property name="java.ext.dirs" value="D:\Kar\Tech\java\java1.8\jre\lib\ext;C:\windows\Sun\Java\lib\ext" />
    <property name="user.dir" value="D:\Kar\Tech\java\testHello" />
    <property name="line.separator" value="&#xd;&#xa;" />
    <property name="java.vm.name" value="Java HotSpot(TM) Client VM" />
    <property name="basedir" value="D:\Kar\Tech\java\testHello" />
    <property name="ant.java.version" value="1.8" />
    <property name="ant.core.lib" value="D:\Kar\Tech\java\ant\lib\ant.jar" />
    <property name="main.build.dir" value="build/main" />
    <property name="sun.stderr.encoding" value="cp437" />
    <property name="file.encoding" value="Cp1252" />
    <property name="main.src.dir" value="src/main/java" />
    <property name="java.specification.version" value="1.8" />
    <property name="ant.project.invoked-targets" value="test" />
    <property name="ant.file.junit-example" value="D:\Kar\Tech\java\testHello\build.xml" />
  </properties>
  <testcase classname="HelloWorldTestCase" name="test" time="0.01" />
  <system-out><![CDATA[]]></system-out>
  <system-err><![CDATA[]]></system-err>
</testsuite>
